<html>
<body>
<pre>
<h1>µVision Build Log</h1>
<h2>Tool Versions:</h2>
IDE-Version: ¦ÌVision V5.29.0.0
Copyright (C) 2019 ARM Ltd and ARM Germany GmbH. All rights reserved.
License Information: LI Java, IFR, LIC=TA3Z9-4NEWC-KSRYM-XQ21J-BHKE3-S28MY
 
Tool Versions:
Toolchain:       MDK-ARM Professional  Version: 5.22
Toolchain Path:  D:\Keil5\ARM\ARMCC\Bin
C Compiler:      Armcc.exe V5.06 update 4 (build 422)
Assembler:       Armasm.exe V5.06 update 4 (build 422)
Linker/Locator:  ArmLink.exe V5.06 update 4 (build 422)
Library Manager: ArmAr.exe V5.06 update 4 (build 422)
Hex Converter:   FromElf.exe V5.06 update 4 (build 422)
CPU DLL:         SARMCM3.DLL V5.22
Dialog DLL:      DCM.DLL V1.13.9.0
Target DLL:      Segger\JL2CM3.dll V2.99.23.0
Dialog DLL:      TCM.DLL V1.21.0.0
 
<h2>Project:</h2>
C:\Users\Java\Desktop\STM32F405\STM32F405\KEIL\STM32F405.uvprojx
Project File Date:  01/06/2021

<h2>Output:</h2>
*** Using Compiler 'V5.06 update 4 (build 422)', folder: 'D:\Keil5\ARM\ARMCC\Bin'
Build target 'STM32F405'
compiling usart3_vision.c...
..\ROBOT\BSP\usart3_vision.c(136): warning:  #223-D: function "DeviceFpsFeed" declared implicitly
  			DeviceFpsFeed(LOST_VISION);
..\ROBOT\BSP\usart3_vision.c(136): error:  #20: identifier "LOST_VISION" is undefined
  			DeviceFpsFeed(LOST_VISION);
..\ROBOT\BSP\usart3_vision.c(164): warning:  #223-D: function "LostCountFeed" declared implicitly
  			LostCountFeed(&(Error_Check.count[LOST_VISION]));
..\ROBOT\BSP\usart3_vision.c(164): error:  #20: identifier "Error_Check" is undefined
  			LostCountFeed(&(Error_Check.count[LOST_VISION]));
..\ROBOT\BSP\usart3_vision.c: 2 warnings, 2 errors
".\Objects\STM32F405.axf" - 2 Error(s), 2 Warning(s).

<h2>Software Packages used:</h2>

Package Vendor: Keil
                http://www.keil.com/pack/Keil.STM32F4xx_DFP.2.11.0.pack
                Keil.STM32F4xx_DFP.2.11.0
                STMicroelectronics STM32F4 Series Device Support, Drivers and Examples

<h2>Collection of Component include folders:</h2>
  .\RTE\_STM32F405
  D:\Keil5\Keil\STM32F4xx_DFP\2.11.0\Drivers\CMSIS\Device\ST\STM32F4xx\Include

<h2>Collection of Component Files used:</h2>
Target not created.
Build Time Elapsed:  00:00:02
</pre>
</body>
</html>
